2021-04-25 18:33:00,829 - Added SCOPE
2021-04-25 18:33:00,833 - Google API Authorization Done
2021-04-25 18:33:01,437 - Twitter API Authorization Done
2021-04-25 18:33:03,074 - Successfully Opened Responses Worksheet
2021-04-25 18:33:03,074 - Started Working on Responses
2021-04-25 18:33:04,198 - Tweet Sent
2021-04-25 18:33:04,198 - Getting Tweet ID
2021-04-25 18:33:04,796 - Link Generated - 
2021-04-25 18:33:05,328 - SMTP Session Created
2021-04-25 18:33:09,577 - Mail Sent
2021-04-25 18:33:09,801 - Message Sent
2021-04-25 18:33:11,809 - Response taken
2021-04-25 18:33:12,878 - Tweet Sent
2021-04-25 18:33:12,878 - Getting Tweet ID
2021-04-25 18:33:13,526 - Link Generated - 
2021-04-25 18:33:14,036 - SMTP Session Created
2021-04-25 18:33:18,484 - Mail Sent
2021-04-25 18:33:18,714 - Message Sent
2021-04-25 18:33:20,719 - Response taken
2021-04-25 18:33:21,673 - Tweet Sent
2021-04-25 18:33:21,673 - Getting Tweet ID
2021-04-25 18:33:22,320 - Link Generated - 
2021-04-25 18:33:22,809 - SMTP Session Created
2021-04-25 18:33:26,924 - Mail Sent
2021-04-25 18:33:27,154 - Message Sent
2021-04-25 18:33:29,167 - Response taken
2021-04-25 18:33:29,645 - No new data available
2021-04-25 18:33:29,646 - Halt for 60 seconda before retrying
2021-04-25 18:34:30,126 - No new data available
2021-04-25 18:34:30,126 - Halt for 60 seconda before retrying
2021-04-25 18:35:30,566 - No new data available
2021-04-25 18:35:30,566 - Halt for 60 seconda before retrying
